[debug] [2024-05-22T15:26:18.161Z] ----------------------------------------------------------------------
[debug] [2024-05-22T15:26:18.164Z] Command:       C:\Program Files\nodejs\node.exe C:\Users\KONGKIN\AppData\Roaming\npm\node_modules\firebase-tools\lib\bin\firebase.js init
[debug] [2024-05-22T15:26:18.165Z] CLI Version:   13.10.0
[debug] [2024-05-22T15:26:18.165Z] Platform:      win32
[debug] [2024-05-22T15:26:18.165Z] Node Version:  v18.18.0
[debug] [2024-05-22T15:26:18.166Z] Time:          Wed May 22 2024 22:26:18 GMT+0700 (Indochina Time)
[debug] [2024-05-22T15:26:18.166Z] ----------------------------------------------------------------------
[debug] 
[debug] [2024-05-22T15:26:18.174Z] > command requires scopes: ["email","openid","https://www.googleapis.com/auth/cloudplatformprojects.readonly","https://www.googleapis.com/auth/firebase","https://www.googleapis.com/auth/cloud-platform"]
[debug] [2024-05-22T15:26:18.175Z] > authorizing via signed-in user (kongkin928@gmail.com)
[info] 
     ######## #### ########  ######## ########     ###     ######  ########
     ##        ##  ##     ## ##       ##     ##  ##   ##  ##       ##
     ######    ##  ########  ######   ########  #########  ######  ######
     ##        ##  ##    ##  ##       ##     ## ##     ##       ## ##
     ##       #### ##     ## ######## ########  ##     ##  ######  ########

You're about to initialize a Firebase project in this directory:

  F:\wamp64\www\laravel-pos

[info] 
=== Project Setup
[info] 
[info] First, let's associate this project directory with a Firebase project.
[info] You can create multiple project aliases by running firebase use --add, 
[info] but for now we'll just set up a default project.
[info] 
[debug] [2024-05-22T15:26:48.940Z] > refreshing access token with scopes: []
[debug] [2024-05-22T15:26:48.941Z] >>> [apiv2][query] POST https://www.googleapis.com/oauth2/v3/token [none]
[debug] [2024-05-22T15:26:48.942Z] >>> [apiv2][body] POST https://www.googleapis.com/oauth2/v3/token [omitted]
[debug] [2024-05-22T15:26:49.189Z] <<< [apiv2][status] POST https://www.googleapis.com/oauth2/v3/token 200
[debug] [2024-05-22T15:26:49.189Z] <<< [apiv2][body] POST https://www.googleapis.com/oauth2/v3/token [omitted]
[debug] [2024-05-22T15:26:49.198Z] >>> [apiv2][query] GET https://firebase.googleapis.com/v1beta1/projects pageSize=100
[debug] [2024-05-22T15:26:49.799Z] <<< [apiv2][status] GET https://firebase.googleapis.com/v1beta1/projects 200
[debug] [2024-05-22T15:26:49.799Z] <<< [apiv2][body] GET https://firebase.googleapis.com/v1beta1/projects [omitted]
[info] i  Using project pos-angular-web (possystem) 
[info] 
=== Hosting Setup
[debug] [2024-05-22T15:27:12.305Z] >>> [apiv2][query] GET https://firebase.googleapis.com/v1beta1/projects/pos-angular-web [none]
[debug] [2024-05-22T15:27:12.802Z] <<< [apiv2][status] GET https://firebase.googleapis.com/v1beta1/projects/pos-angular-web 200
[debug] [2024-05-22T15:27:12.802Z] <<< [apiv2][body] GET https://firebase.googleapis.com/v1beta1/projects/pos-angular-web {"projectId":"pos-angular-web","projectNumber":"61632236156","displayName":"possystem","name":"projects/pos-angular-web","resources":{"hostingSite":"pos-angular-web","realtimeDatabaseInstance":"pos-angular-web-default-rtdb","storageBucket":"pos-angular-web.appspot.com","locationId":"asia-southeast1"},"state":"ACTIVE","etag":"1_0c77ceb1-2372-42c0-bb47-8c3ea1f13cd5"}
[info] 
[info] Your public directory is the folder (relative to your project directory) that
[info] will contain Hosting assets to be uploaded with firebase deploy. If you
[info] have a build process for your assets, use your build's output directory.
[info] 
